<?xml version="1.0" encoding="UTF-8" ?>
<testsuite errors="11" failures="0" hostname="IRIS-CSG-1019" name="com.ibatis.jpetstore.presentation.AccountBeanTest" skipped="0" tests="11" time="0.153" timestamp="2018-04-19T13:18:58">
  <properties>
[...]
</properties>
  <testcase classname="com.ibatis.jpetstore.presentation.AccountBeanTest" name="testShouldCallEditAccountFormReturningSuccess" time="0.009">
    <error message="Illegal local variable table length 5 in method com.ibatis.jpetstore.domain.Account.&lt;init&gt;()V" type="java.lang.ClassFormatError">java.lang.ClassFormatError: Illegal local variable table length 5 in method com.ibatis.jpetstore.domain.Account.&lt;init&gt;()V
	at com.ibatis.jpetstore.domain.DomainFixture.newTestAccount(DomainFixture.java:9)
	at com.ibatis.jpetstore.presentation.AccountBeanTest.testShouldCallEditAccountFormReturningSuccess(AccountBeanTest.java:72)
	at org.jmock.core.VerifyingTestCase.runBare(Unknown Source)
</error>
  </testcase>
  <testcase classname="com.ibatis.jpetstore.presentation.AccountBeanTest" name="testShouldSuccessfullyCallServicesToUpdateExistingAccount" time="0.004">
    <error message="Illegal local variable table length 5 in method com.ibatis.jpetstore.domain.Account.&lt;init&gt;()V" type="java.lang.ClassFormatError">java.lang.ClassFormatError: Illegal local variable table length 5 in method com.ibatis.jpetstore.domain.Account.&lt;init&gt;()V
	at com.ibatis.jpetstore.domain.DomainFixture.newTestAccount(DomainFixture.java:9)
	at com.ibatis.jpetstore.presentation.AccountBeanTest.testShouldSuccessfullyCallServicesToUpdateExistingAccount(AccountBeanTest.java:44)
	at org.jmock.core.VerifyingTestCase.runBare(Unknown Source)
</error>
  </testcase>
  <testcase classname="com.ibatis.jpetstore.presentation.AccountBeanTest" name="testShouldSuccessfullyCallServicesToCreateNewAccount" time="0.0">
    <error message="Illegal local variable table length 5 in method com.ibatis.jpetstore.domain.Account.&lt;init&gt;()V" type="java.lang.ClassFormatError">java.lang.ClassFormatError: Illegal local variable table length 5 in method com.ibatis.jpetstore.domain.Account.&lt;init&gt;()V
	at com.ibatis.jpetstore.domain.DomainFixture.newTestAccount(DomainFixture.java:9)
	at com.ibatis.jpetstore.presentation.AccountBeanTest.testShouldSuccessfullyCallServicesToCreateNewAccount(AccountBeanTest.java:16)
	at org.jmock.core.VerifyingTestCase.runBare(Unknown Source)
</error>
  </testcase>
  <testcase classname="com.ibatis.jpetstore.presentation.AccountBeanTest" name="testShouldFailToSignonAccount" time="0.0">
    <error message="Illegal local variable table length 5 in method com.ibatis.jpetstore.domain.Account.&lt;init&gt;()V" type="java.lang.ClassFormatError">java.lang.ClassFormatError: Illegal local variable table length 5 in method com.ibatis.jpetstore.domain.Account.&lt;init&gt;()V
	at com.ibatis.jpetstore.domain.DomainFixture.newTestAccount(DomainFixture.java:9)
	at com.ibatis.jpetstore.presentation.AccountBeanTest.testShouldFailToSignonAccount(AccountBeanTest.java:136)
	at org.jmock.core.VerifyingTestCase.runBare(Unknown Source)
</error>
  </testcase>
  <testcase classname="com.ibatis.jpetstore.presentation.AccountBeanTest" name="testShouldSignonAccount" time="0.001">
    <error message="Illegal local variable table length 5 in method com.ibatis.jpetstore.domain.Account.&lt;init&gt;()V" type="java.lang.ClassFormatError">java.lang.ClassFormatError: Illegal local variable table length 5 in method com.ibatis.jpetstore.domain.Account.&lt;init&gt;()V
	at com.ibatis.jpetstore.domain.DomainFixture.newTestAccount(DomainFixture.java:9)
	at com.ibatis.jpetstore.presentation.AccountBeanTest.testShouldSignonAccount(AccountBeanTest.java:118)
	at org.jmock.core.VerifyingTestCase.runBare(Unknown Source)
</error>
  </testcase>
  <testcase classname="com.ibatis.jpetstore.presentation.AccountBeanTest" name="testShouldSwitchPageDirection" time="0.001">
    <error message="Illegal local variable table length 5 in method com.ibatis.jpetstore.domain.Account.&lt;init&gt;()V" type="java.lang.ClassFormatError">java.lang.ClassFormatError: Illegal local variable table length 5 in method com.ibatis.jpetstore.domain.Account.&lt;init&gt;()V
	at com.ibatis.jpetstore.domain.DomainFixture.newTestAccount(DomainFixture.java:9)
	at com.ibatis.jpetstore.presentation.AccountBeanTest.testShouldSwitchPageDirection(AccountBeanTest.java:85)
	at org.jmock.core.VerifyingTestCase.runBare(Unknown Source)
</error>
  </testcase>
  <testcase classname="com.ibatis.jpetstore.presentation.AccountBeanTest" name="testShouldGetLanguages" time="0.01">
    <error message="Illegal local variable table length 5 in method com.ibatis.jpetstore.presentation.AbstractBean.&lt;init&gt;()V" type="java.lang.ClassFormatError">java.lang.ClassFormatError: Illegal local variable table length 5 in method com.ibatis.jpetstore.presentation.AbstractBean.&lt;init&gt;()V
	at com.ibatis.jpetstore.presentation.AccountBeanTest.testShouldGetLanguages(AccountBeanTest.java:159)
	at org.jmock.core.VerifyingTestCase.runBare(Unknown Source)
</error>
  </testcase>
  <testcase classname="com.ibatis.jpetstore.presentation.AccountBeanTest" name="testShouldResetBooleanOptions" time="0.0">
    <error message="Illegal local variable table length 5 in method com.ibatis.jpetstore.presentation.AbstractBean.&lt;init&gt;()V" type="java.lang.ClassFormatError">java.lang.ClassFormatError: Illegal local variable table length 5 in method com.ibatis.jpetstore.presentation.AbstractBean.&lt;init&gt;()V
	at com.ibatis.jpetstore.presentation.AccountBeanTest.testShouldResetBooleanOptions(AccountBeanTest.java:166)
	at org.jmock.core.VerifyingTestCase.runBare(Unknown Source)
</error>
  </testcase>
  <testcase classname="com.ibatis.jpetstore.presentation.AccountBeanTest" name="testShouldSignoffAccount" time="0.001">
    <error message="Illegal local variable table length 5 in method com.ibatis.jpetstore.domain.Account.&lt;init&gt;()V" type="java.lang.ClassFormatError">java.lang.ClassFormatError: Illegal local variable table length 5 in method com.ibatis.jpetstore.domain.Account.&lt;init&gt;()V
	at com.ibatis.jpetstore.domain.DomainFixture.newTestAccount(DomainFixture.java:9)
	at com.ibatis.jpetstore.presentation.AccountBeanTest.testShouldSignoffAccount(AccountBeanTest.java:98)
	at org.jmock.core.VerifyingTestCase.runBare(Unknown Source)
</error>
  </testcase>
  <testcase classname="com.ibatis.jpetstore.presentation.AccountBeanTest" name="testShouldGetCategories" time="0.0">
    <error message="Illegal local variable table length 5 in method com.ibatis.jpetstore.presentation.AbstractBean.&lt;init&gt;()V" type="java.lang.ClassFormatError">java.lang.ClassFormatError: Illegal local variable table length 5 in method com.ibatis.jpetstore.presentation.AbstractBean.&lt;init&gt;()V
	at com.ibatis.jpetstore.presentation.AccountBeanTest.testShouldGetCategories(AccountBeanTest.java:149)
	at org.jmock.core.VerifyingTestCase.runBare(Unknown Source)
</error>
  </testcase>
  <testcase classname="com.ibatis.jpetstore.presentation.AccountBeanTest" name="testShouldClearAccountBean" time="0.077">
    <error message="Expecting a stackmap frame at branch target 11&#xa;Exception Details:&#xa;  Location:&#xa;    com/ibatis/jpetstore/service/AccountService.&lt;init&gt;()V @4: ifnonnull&#xa;  Reason:&#xa;    Expected stackmap frame at this location.&#xa;  Bytecode:&#xa;    0x0000000: b200 3c59 c700 0757 b800 4603 324d 2ab7&#xa;    0x0000010: 0001 b800 024c 2a2b 1203 b900 0402 00c0&#xa;    0x0000020: 0003 b500 052c 0304 54b1               &#xa;" type="java.lang.VerifyError">java.lang.VerifyError: Expecting a stackmap frame at branch target 11
Exception Details:
  Location:
    com/ibatis/jpetstore/service/AccountService.&lt;init&gt;()V @4: ifnonnull
  Reason:
    Expected stackmap frame at this location.
  Bytecode:
    0x0000000: b200 3c59 c700 0757 b800 4603 324d 2ab7
    0x0000010: 0001 b800 024c 2a2b 1203 b900 0402 00c0
    0x0000020: 0003 b500 052c 0304 54b1               

	at java.lang.Class.getDeclaredConstructors0(Native Method)
	at java.lang.Class.privateGetDeclaredConstructors(Class.java:2671)
	at java.lang.Class.getDeclaredConstructors(Class.java:2020)
	at net.sf.cglib.proxy.Enhancer.generateClass(Enhancer.java:447)
	at net.sf.cglib.core.DefaultGeneratorStrategy.generate(DefaultGeneratorStrategy.java:25)
	at net.sf.cglib.core.AbstractClassGenerator.create(AbstractClassGenerator.java:216)
	at net.sf.cglib.proxy.Enhancer.createHelper(Enhancer.java:377)
	at net.sf.cglib.proxy.Enhancer.create(Enhancer.java:285)
	at net.sf.cglib.proxy.Enhancer.create(Enhancer.java:660)
	at org.jmock.cglib.CGLIBCoreMock.&lt;init&gt;(Unknown Source)
	at org.jmock.cglib.CGLIBCoreMock.&lt;init&gt;(Unknown Source)
	at org.jmock.cglib.MockObjectTestCase.newCoreMock(Unknown Source)
	at org.jmock.MockObjectTestCase.mock(Unknown Source)
	at org.jmock.MockObjectTestCase.mock(Unknown Source)
	at com.ibatis.jpetstore.presentation.AccountBeanTest.testShouldClearAccountBean(AccountBeanTest.java:176)
	at org.jmock.core.VerifyingTestCase.runBare(Unknown Source)
</error>
  </testcase>
  <system-out><![CDATA[]]></system-out>
  <system-err><![CDATA[]]></system-err>
</testsuite>
